<?xml version="1.0" encoding="UTF-8"?>
<!-- Generated by org.testng.reporters.JUnitXMLReporter -->
<testsuite hostname="QA-PC" ignored="0" name="Command line test" tests="3" failures="1" timestamp="26 Jun 2018 05:34:02 GMT" time="1.655" errors="0">
  <testcase name="loginBioEnroll" time="0.0" classname="bioApplication.RunBioEnroll">
    <skipped/>
  </testcase> <!-- loginBioEnroll -->
  <testcase name="selectMainTask" time="0.002" classname="bioApplication.RunBioEnroll">
    <failure type="java.lang.ThreadDeath">
      <![CDATA[java.lang.ThreadDeathat java.lang.Thread.stop(Unknown Source)at org.sikuli.script.RunTime.abortScripting(RunTime.java:71)at org.sikuli.script.Region.wait(Region.java:2751)at org.sikuli.script.Region.find(Region.java:2329)at org.sikuli.script.Region.getLocationFromTarget(Region.java:3238)at org.sikuli.script.Region.click(Region.java:3736)at org.sikuli.script.Region.click(Region.java:3721)at bioApplication.TaskSelection.selectMainCategory(TaskSelection.java:25)at bioApplication.RunBioEnroll.selectMainTask(RunBioEnroll.java:54)at bioApplication.MainApplication.main(MainApplication.java:16)... Removed 22 stack frames]]>
    </failure>
  </testcase> <!-- selectMainTask -->
  <testcase name="saveDraft" time="0.0" classname="bioApplication.RunBioEnroll">
    <skipped/>
  </testcase> <!-- saveDraft -->
</testsuite> <!-- Command line test -->
