<?xml version="1.0" encoding="UTF-8"?>
<!-- Generated by org.testng.reporters.JUnitXMLReporter -->
<testsuite hostname="DESKTOP-83CVAPJ" ignored="0" name="Command line test" tests="4" failures="3" timestamp="08 Aug 2019 07:25:48 GMT" time="12.935" errors="0">
  <testcase name="loginBioEnroll" time="3.22" classname="bioApplication.RunBioEnroll">
    <failure type="org.sikuli.script.FindFailed" message="Image/username.jpg: (222x43) in S(0)[0,0 1920x1080] E:Y, T:3.0">
      <![CDATA[FindFailed: Image/username.jpg: (222x43) in S(0)[0,0 1920x1080] E:Y, T:3.0  Line 2782, in file Region.javaat org.sikuli.script.Region.wait(Region.java:2782)at org.sikuli.script.Region.find(Region.java:2329)at org.sikuli.script.Region.getLocationFromTarget(Region.java:3238)at org.sikuli.script.Region.click(Region.java:3736)at org.sikuli.script.Region.click(Region.java:3721)at bioApplication.LoginBioEnroll.Login(LoginBioEnroll.java:23)at bioApplication.RunBioEnroll.loginBioEnroll(RunBioEnroll.java:47)at bioApplication.MainApplication.main(MainApplication.java:16)... Removed 22 stack frames]]>
    </failure>
  </testcase> <!-- loginBioEnroll -->
  <testcase name="selectMainTask" time="0.753" classname="bioApplication.RunBioEnroll"/>
  <testcase name="saveDraft" time="3.054" classname="bioApplication.RunBioEnroll">
    <failure type="org.sikuli.script.FindFailed" message="Image/card_type.jpg: (184x42) in S(0)[0,0 1920x1080] E:Y, T:3.0">
      <![CDATA[FindFailed: Image/card_type.jpg: (184x42) in S(0)[0,0 1920x1080] E:Y, T:3.0  Line 2782, in file Region.javaat org.sikuli.script.Region.wait(Region.java:2782)at org.sikuli.script.Region.find(Region.java:2329)at org.sikuli.script.Region.getLocationFromTarget(Region.java:3238)at org.sikuli.script.Region.click(Region.java:3736)at org.sikuli.script.Region.click(Region.java:3721)at bioApplication.TaskSelection.selectTask(TaskSelection.java:33)at bioApplication.RunBioEnroll.saveDraft(RunBioEnroll.java:63)at bioApplication.MainApplication.main(MainApplication.java:16)... Removed 22 stack frames]]>
    </failure>
  </testcase> <!-- saveDraft -->
  <testcase name="saveDraft" time="3.019" classname="bioApplication.RunBioEnroll">
    <failure type="org.sikuli.script.FindFailed" message="Image/card_type.jpg: (184x42) in S(0)[0,0 1920x1080] E:Y, T:3.0">
      <![CDATA[FindFailed: Image/card_type.jpg: (184x42) in S(0)[0,0 1920x1080] E:Y, T:3.0  Line 2782, in file Region.javaat org.sikuli.script.Region.wait(Region.java:2782)at org.sikuli.script.Region.find(Region.java:2329)at org.sikuli.script.Region.getLocationFromTarget(Region.java:3238)at org.sikuli.script.Region.click(Region.java:3736)at org.sikuli.script.Region.click(Region.java:3721)at bioApplication.TaskSelection.selectTask(TaskSelection.java:33)at bioApplication.RunBioEnroll.saveDraft(RunBioEnroll.java:63)at bioApplication.MainApplication.main(MainApplication.java:16)... Removed 22 stack frames]]>
    </failure>
  </testcase> <!-- saveDraft -->
</testsuite> <!-- Command line test -->
